<?xml version="1.0" encoding="UTF-8"?>
<testng-results skipped="0" failed="0" ignored="0" total="1" passed="1">
  <reporter-output>
  </reporter-output>
  <suite name="DemoTestNG" duration-ms="4905" started-at="2019-11-15T15:56:48 IST" finished-at="2019-11-15T15:56:53 IST">
    <groups>
    </groups>
    <test name="Test1" duration-ms="4905" started-at="2019-11-15T15:56:48 IST" finished-at="2019-11-15T15:56:53 IST">
      <class name="TestNG.DemoTestNG">
        <test-method status="PASS" signature="f()[pri:0, instance:TestNG.DemoTestNG@3dd3bcd]" name="f" duration-ms="4880" started-at="2019-11-15T15:56:48 IST" finished-at="2019-11-15T15:56:53 IST">
          <reporter-output>
          </reporter-output>
        </test-method> <!-- f -->
      </class> <!-- TestNG.DemoTestNG -->
    </test> <!-- Test1 -->
  </suite> <!-- DemoTestNG -->
</testng-results>
